Sun Dec  4 03:54:05 EET 2022
[ 04/12/2022-06:15:22 ] AsymetricRisk [ DEBUG ] 3084293888 - bp_general.py - 65: clear_screen - 
[ 04/12/2022-06:15:22 ] AsymetricRisk [ DEBUG ] 3084293888 - asymetric_risk.py - 2485: <module> - AR_DEFAULT - {'log-dir': '/home/sephermacronix/Projects/NomadsGold/src/AsymetricRisk/log', 'conf-dir': '/home/sephermacronix/Projects/NomadsGold/src/AsymetricRisk/conf', 'lib-dir': '/home/sephermacronix/Projects/NomadsGold/src/AsymetricRisk/lib', 'src-dir': '/home/sephermacronix/Projects/NomadsGold/src/AsymetricRisk/src', 'dox-dir': '/home/sephermacronix/Projects/NomadsGold/src/AsymetricRisk/dox', 'dta-dir': '/home/sephermacronix/Projects/NomadsGold/src/AsymetricRisk/data', 'tmp-dir': '/tmp', 'log-file': 'asymetric_risk.log', 'conf-file': 'asymetric_risk.conf.json', 'init-file': '/home/sephermacronix/Projects/NomadsGold/src/AsymetricRisk/asymetric_risk.py', 'watchdog-pid-file': 'ar-bot.pid', 'watchdog-anchor-file': 'ar-bot.anchor', 'log-format': '[ %(asctime)s ] %(name)s [ %(levelname)s ] %(thread)s - %(filename)s - %(lineno)d: %(funcName)s - %(message)s', 'timestamp-format': '%d/%m/%Y-%H:%M:%S', 'api-key': None, 'api-secret': None, 'taapi-key': None, 'api-url': 'https://testnet.binance.vision/api', 'taapi-url': 'https://api.taapi.io', 'max-trades': 3, 'trade-amount': 0, 'quote-trade-amount': 1, 'trading-account-type': 'SPOT', 'trading-order-type': 'OCO', 'profit-baby': 10, 'base-currency': 'BTC', 'quote-currency': 'USDT', 'ticker-symbol': 'BTC/USDT', 'order-time-in-force': 'GTC', 'order-response-type': 'JSON', 'order-recv-window': 60000, 'order-list-id': '', 'order-limit-id': '', 'order-stop-id': '', 'order-iceberg-quantity': 0, 'order-price': 0, 'period-start': '01-10-2022', 'period-end': '01-11-2022', 'indicator-update-delay': 18, 'risk-tolerance': 1, 'test': True, 'debug': True, 'silence': False, 'action': '', 'analyze-risk': True, 'strategy': 'vwap,rsi,macd,adx,ma,ema,price,volume', 'side': 'auto', 'interval': '5m', 'period': 14, 'market-open': '08:00', 'market-close': '22:00', 'backtrack': 1, 'backtracks': 10, 'stop-limit': 0, 'stop-price': 0, 'stop-limit-price': 0, 'stop-iceberg-quantity': 0, 'stop-limit-time-in-force': 'GTC', 'stop-loss': 10, 'take-profit': 30, 'trailing-stop': 10, 'price-movement': 5, 'rsi-top': 70, 'rsi-bottom': 30, 'rsi-period': 14, 'rsi-backtrack': 5, 'rsi-backtracks': 12, 'rsi-chart': 'candles', 'rsi-interval': '5m', 'volume-movement': 5, 'volume-interval': '5m', 'ma-period': 30, 'ma-backtrack': 5, 'ma-backtracks': 12, 'ma-chart': 'candles', 'ma-interval': '5m', 'ema-period': 30, 'ema-backtrack': 5, 'ema-backtracks': 12, 'ema-chart': 'candles', 'ema-interval': '5m', 'macd-backtrack': 5, 'macd-backtracks': 12, 'macd-chart': 'candles', 'macd-fast-period': 12, 'macd-slow-period': 26, 'macd-signal-period': 9, 'macd-interval': '5m', 'adx-period': 14, 'adx-backtrack': 5, 'adx-backtracks': 12, 'adx-chart': 'candles', 'adx-interval': '5m', 'vwap-period': 14, 'vwap-backtrack': 5, 'vwap-backtracks': 12, 'vwap-chart': 'candles', 'vwap-interval': '5m', 'price-period': 14, 'price-backtrack': 5, 'price-backtracks': 12, 'price-chart': 'candles', 'price-interval': '5m', 'report-id': '', 'report-id-length': 8, 'report-id-characters': 'abcdefghijklmnopqrstuvwxyz0123456789', 'report-location': './data/reports'}
[ 04/12/2022-06:15:22 ] AsymetricRisk [ DEBUG ] 3084293888 - asymetric_risk.py - 2460: init_asymetric_risk - 
[ 04/12/2022-06:15:22 ] AsymetricRisk [ INFO ] 3084293888 - bp_general.py - 103: stdout_msg - 
    ___________________________________________________________________________

     *                          *  Asymetric Risk  *                         *
    ________________________________________________________v1.0AR15___________
                Excellent Regards, the Alveare Solutions #!/Society -x
    
[ 04/12/2022-06:15:22 ] AsymetricRisk [ DEBUG ] 3084293888 - asymetric_risk.py - 178: check_preconditions - 
[ 04/12/2022-06:15:22 ] AsymetricRisk [ INFO ] 3084293888 - bp_general.py - 88: stdout_msg - Verifying action preconditions...
[ 04/12/2022-06:15:22 ] AsymetricRisk [ DEBUG ] 3084293888 - asymetric_risk.py - 203: check_config_file - 
[ 04/12/2022-06:15:22 ] AsymetricRisk [ INFO ] 3084293888 - bp_general.py - 88: stdout_msg - Check config file...
[ 04/12/2022-06:15:22 ] AsymetricRisk [ DEBUG ] 3084293888 - bp_ensurance.py - 35: ensure_directories_exist - 
[ 04/12/2022-06:15:22 ] AsymetricRisk [ ERROR ] 3084293888 - bp_ensurance.py - 41: ensure_directories_exist - [Errno 17] File exists: '/home/sephermacronix/Projects/NomadsGold/src/AsymetricRisk/conf'
[ 04/12/2022-06:15:22 ] AsymetricRisk [ DEBUG ] 3084293888 - bp_checkers.py - 428: check_file_exists - 
[ 04/12/2022-06:15:22 ] AsymetricRisk [ INFO ] 3084293888 - bp_general.py - 80: stdout_msg - Config file!
[ 04/12/2022-06:15:22 ] AsymetricRisk [ DEBUG ] 3084293888 - asymetric_risk.py - 222: check_log_file - 
[ 04/12/2022-06:15:22 ] AsymetricRisk [ INFO ] 3084293888 - bp_general.py - 88: stdout_msg - Checking log file...
[ 04/12/2022-06:15:22 ] AsymetricRisk [ DEBUG ] 3084293888 - bp_ensurance.py - 35: ensure_directories_exist - 
[ 04/12/2022-06:15:22 ] AsymetricRisk [ ERROR ] 3084293888 - bp_ensurance.py - 41: ensure_directories_exist - [Errno 17] File exists: '/home/sephermacronix/Projects/NomadsGold/src/AsymetricRisk/log'
[ 04/12/2022-06:15:22 ] AsymetricRisk [ DEBUG ] 3084293888 - bp_checkers.py - 428: check_file_exists - 
[ 04/12/2022-06:15:22 ] AsymetricRisk [ INFO ] 3084293888 - bp_general.py - 80: stdout_msg - Log file!
[ 04/12/2022-06:15:22 ] AsymetricRisk [ DEBUG ] 3084293888 - asymetric_risk.py - 191: check_trading_bot - 
[ 04/12/2022-06:15:22 ] AsymetricRisk [ INFO ] 3084293888 - bp_general.py - 88: stdout_msg - Checking trading bot setup properly...
[ 04/12/2022-06:15:22 ] AsymetricRisk [ WARNING ] 3084293888 - bp_general.py - 84: stdout_msg - No trading bot found!
[ 04/12/2022-06:15:22 ] AsymetricRisk [ INFO ] 3084293888 - bp_general.py - 88: stdout_msg - Creating new trading bot...
[ 04/12/2022-06:15:22 ] AsymetricRisk [ DEBUG ] 3084293888 - asymetric_risk.py - 494: create_trading_bot - 
[ 04/12/2022-06:15:22 ] AsymetricRisk [ DEBUG ] 3084293888 - asymetric_risk.py - 495: create_trading_bot - Creating trading bot with kwargs: {'log-dir': '/home/sephermacronix/Projects/NomadsGold/src/AsymetricRisk/log', 'conf-dir': '/home/sephermacronix/Projects/NomadsGold/src/AsymetricRisk/conf', 'lib-dir': '/home/sephermacronix/Projects/NomadsGold/src/AsymetricRisk/lib', 'src-dir': '/home/sephermacronix/Projects/NomadsGold/src/AsymetricRisk/src', 'dox-dir': '/home/sephermacronix/Projects/NomadsGold/src/AsymetricRisk/dox', 'dta-dir': '/home/sephermacronix/Projects/NomadsGold/src/AsymetricRisk/data', 'tmp-dir': '/tmp', 'log-file': 'asymetric_risk.log', 'conf-file': 'asymetric_risk.conf.json', 'init-file': '/home/sephermacronix/Projects/NomadsGold/src/AsymetricRisk/asymetric_risk.py', 'watchdog-pid-file': 'ar-bot.pid', 'watchdog-anchor-file': 'ar-bot.anchor', 'log-format': '[ %(asctime)s ] %(name)s [ %(levelname)s ] %(thread)s - %(filename)s - %(lineno)d: %(funcName)s - %(message)s', 'timestamp-format': '%d/%m/%Y-%H:%M:%S', 'api-key': None, 'api-secret': None, 'taapi-key': None, 'api-url': 'https://testnet.binance.vision/api', 'taapi-url': 'https://api.taapi.io', 'max-trades': 3, 'trade-amount': 0, 'quote-trade-amount': 1, 'trading-account-type': 'SPOT', 'trading-order-type': 'OCO', 'profit-baby': 10, 'base-currency': 'BTC', 'quote-currency': 'USDT', 'ticker-symbol': 'BTC/USDT', 'order-time-in-force': 'GTC', 'order-response-type': 'JSON', 'order-recv-window': 60000, 'order-list-id': '', 'order-limit-id': '', 'order-stop-id': '', 'order-iceberg-quantity': 0, 'order-price': 0, 'period-start': '01-10-2022', 'period-end': '01-11-2022', 'indicator-update-delay': 18, 'risk-tolerance': 1, 'test': True, 'debug': True, 'silence': False, 'action': '', 'analyze-risk': True, 'strategy': 'vwap,rsi,macd,adx,ma,ema,price,volume', 'side': 'auto', 'interval': '5m', 'period': 14, 'market-open': '08:00', 'market-close': '22:00', 'backtrack': 1, 'backtracks': 10, 'stop-limit': 0, 'stop-price': 0, 'stop-limit-price': 0, 'stop-iceberg-quantity': 0, 'stop-limit-time-in-force': 'GTC', 'stop-loss': 10, 'take-profit': 30, 'trailing-stop': 10, 'price-movement': 5, 'rsi-top': 70, 'rsi-bottom': 30, 'rsi-period': 14, 'rsi-backtrack': 5, 'rsi-backtracks': 12, 'rsi-chart': 'candles', 'rsi-interval': '5m', 'volume-movement': 5, 'volume-interval': '5m', 'ma-period': 30, 'ma-backtrack': 5, 'ma-backtracks': 12, 'ma-chart': 'candles', 'ma-interval': '5m', 'ema-period': 30, 'ema-backtrack': 5, 'ema-backtracks': 12, 'ema-chart': 'candles', 'ema-interval': '5m', 'macd-backtrack': 5, 'macd-backtracks': 12, 'macd-chart': 'candles', 'macd-fast-period': 12, 'macd-slow-period': 26, 'macd-signal-period': 9, 'macd-interval': '5m', 'adx-period': 14, 'adx-backtrack': 5, 'adx-backtracks': 12, 'adx-chart': 'candles', 'adx-interval': '5m', 'vwap-period': 14, 'vwap-backtrack': 5, 'vwap-backtracks': 12, 'vwap-chart': 'candles', 'vwap-interval': '5m', 'price-period': 14, 'price-backtrack': 5, 'price-backtracks': 12, 'price-chart': 'candles', 'price-interval': '5m', 'report-id': '', 'report-id-length': 8, 'report-id-characters': 'abcdefghijklmnopqrstuvwxyz0123456789', 'report-location': './data/reports'}
[ 04/12/2022-06:15:22 ] AsymetricRisk [ DEBUG ] 3084293888 - ar_bot.py - 56: __init__ - 
[ 04/12/2022-06:15:22 ] AsymetricRisk [ DEBUG ] 3084293888 - ar_bot.py - 1057: setup_reporter - 
[ 04/12/2022-06:15:22 ] AsymetricRisk [ DEBUG ] 3084293888 - ar_reporter.py - 28: __init__ - 
[ 04/12/2022-06:15:22 ] AsymetricRisk [ DEBUG ] 3084293888 - bp_checkers.py - 428: check_file_exists - 
[ 04/12/2022-06:15:22 ] AsymetricRisk [ DEBUG ] 3084293888 - bp_ensurance.py - 35: ensure_directories_exist - 
[ 04/12/2022-06:15:22 ] AsymetricRisk [ DEBUG ] 3084293888 - bp_generators.py - 15: generate_msg_id - 
[ 04/12/2022-06:15:22 ] AsymetricRisk [ DEBUG ] 3084293888 - ar_bot.py - 1052: setup_analyzer - 
[ 04/12/2022-06:15:22 ] AsymetricRisk [ DEBUG ] 3084293888 - ar_strategy.py - 21: __init__ - 
[ 04/12/2022-06:15:22 ] AsymetricRisk [ DEBUG ] 3084293888 - asymetric_risk.py - 185: check_preconditions - checkers: {'preconditions-conf': True, 'preconditions-log': True, 'trading-bot': <src.ar_bot.TradingBot object at 0xb0a380d0>}
[ 04/12/2022-06:15:22 ] AsymetricRisk [ DEBUG ] 3084293888 - asymetric_risk.py - 456: handle_actions - 
[ 04/12/2022-06:15:22 ] AsymetricRisk [ DEBUG ] 3084293888 - asymetric_risk.py - 156: fetch_action_handlers - 
[ 04/12/2022-06:15:22 ] AsymetricRisk [ INFO ] 3084293888 - bp_general.py - 88: stdout_msg - Processing action... ()
[ 04/12/2022-06:15:22 ] AsymetricRisk [ WARNING ] 3084293888 - bp_general.py - 84: stdout_msg - Invalid action label specified! ()
[ 04/12/2022-06:15:22 ] AsymetricRisk [ DEBUG ] 3084293888 - asymetric_risk.py - 2316: cleanup - 
[ 04/12/2022-06:15:22 ] AsymetricRisk [ INFO ] 3084293888 - bp_general.py - 88: stdout_msg - Cleaning up... Jordan Peterson recommendation
[ 04/12/2022-06:15:22 ] AsymetricRisk [ DEBUG ] 3084293888 - asymetric_risk.py - 2362: cleanup_watchdog_anchor_file - 
[ 04/12/2022-06:15:22 ] AsymetricRisk [ INFO ] 3084293888 - bp_general.py - 80: stdout_msg - Cleaning up watchdog-anchor-file
[ 04/12/2022-06:15:22 ] AsymetricRisk [ DEBUG ] 3084293888 - asymetric_risk.py - 2347: cleanup_watchdog_pid_file - 
[ 04/12/2022-06:15:22 ] AsymetricRisk [ INFO ] 3084293888 - bp_general.py - 80: stdout_msg - Cleaning up watchdog-pid-file
[ 04/12/2022-06:15:22 ] AsymetricRisk [ INFO ] 3084293888 - bp_general.py - 99: stdout_msg - Terminating! (1)

[ 04/12/2022-14:07:55 ] AsymetricRisk [ DEBUG ] 3084879616 - bp_general.py - 65: clear_screen - 
[ 04/12/2022-14:07:55 ] AsymetricRisk [ DEBUG ] 3084879616 - asymetric_risk.py - 2485: <module> - AR_DEFAULT - {'log-dir': '/home/sephermacronix/Projects/NomadsGold/src/AsymetricRisk/log', 'conf-dir': '/home/sephermacronix/Projects/NomadsGold/src/AsymetricRisk/conf', 'lib-dir': '/home/sephermacronix/Projects/NomadsGold/src/AsymetricRisk/lib', 'src-dir': '/home/sephermacronix/Projects/NomadsGold/src/AsymetricRisk/src', 'dox-dir': '/home/sephermacronix/Projects/NomadsGold/src/AsymetricRisk/dox', 'dta-dir': '/home/sephermacronix/Projects/NomadsGold/src/AsymetricRisk/data', 'tmp-dir': '/tmp', 'log-file': 'asymetric_risk.log', 'conf-file': 'asymetric_risk.conf.json', 'init-file': '/home/sephermacronix/Projects/NomadsGold/src/AsymetricRisk/asymetric_risk.py', 'watchdog-pid-file': 'ar-bot.pid', 'watchdog-anchor-file': 'ar-bot.anchor', 'log-format': '[ %(asctime)s ] %(name)s [ %(levelname)s ] %(thread)s - %(filename)s - %(lineno)d: %(funcName)s - %(message)s', 'timestamp-format': '%d/%m/%Y-%H:%M:%S', 'api-key': None, 'api-secret': None, 'taapi-key': None, 'api-url': 'https://testnet.binance.vision/api', 'taapi-url': 'https://api.taapi.io', 'max-trades': 3, 'trade-amount': 0, 'quote-trade-amount': 1, 'trading-account-type': 'SPOT', 'trading-order-type': 'OCO', 'profit-baby': 10, 'base-currency': 'BTC', 'quote-currency': 'USDT', 'ticker-symbol': 'BTC/USDT', 'order-time-in-force': 'GTC', 'order-response-type': 'JSON', 'order-recv-window': 60000, 'order-list-id': '', 'order-limit-id': '', 'order-stop-id': '', 'order-iceberg-quantity': 0, 'order-price': 0, 'period-start': '01-10-2022', 'period-end': '01-11-2022', 'indicator-update-delay': 18, 'risk-tolerance': 1, 'test': True, 'debug': True, 'silence': False, 'action': '', 'analyze-risk': True, 'strategy': 'vwap,rsi,macd,adx,ma,ema,price,volume', 'side': 'auto', 'interval': '5m', 'period': 14, 'market-open': '08:00', 'market-close': '22:00', 'backtrack': 1, 'backtracks': 10, 'stop-limit': 0, 'stop-price': 0, 'stop-limit-price': 0, 'stop-iceberg-quantity': 0, 'stop-limit-time-in-force': 'GTC', 'stop-loss': 10, 'take-profit': 30, 'trailing-stop': 10, 'price-movement': 5, 'rsi-top': 70, 'rsi-bottom': 30, 'rsi-period': 14, 'rsi-backtrack': 5, 'rsi-backtracks': 12, 'rsi-chart': 'candles', 'rsi-interval': '5m', 'volume-movement': 5, 'volume-interval': '5m', 'ma-period': 30, 'ma-backtrack': 5, 'ma-backtracks': 12, 'ma-chart': 'candles', 'ma-interval': '5m', 'ema-period': 30, 'ema-backtrack': 5, 'ema-backtracks': 12, 'ema-chart': 'candles', 'ema-interval': '5m', 'macd-backtrack': 5, 'macd-backtracks': 12, 'macd-chart': 'candles', 'macd-fast-period': 12, 'macd-slow-period': 26, 'macd-signal-period': 9, 'macd-interval': '5m', 'adx-period': 14, 'adx-backtrack': 5, 'adx-backtracks': 12, 'adx-chart': 'candles', 'adx-interval': '5m', 'vwap-period': 14, 'vwap-backtrack': 5, 'vwap-backtracks': 12, 'vwap-chart': 'candles', 'vwap-interval': '5m', 'price-period': 14, 'price-backtrack': 5, 'price-backtracks': 12, 'price-chart': 'candles', 'price-interval': '5m', 'report-id': '', 'report-id-length': 8, 'report-id-characters': 'abcdefghijklmnopqrstuvwxyz0123456789', 'report-location': './data/reports'}
[ 04/12/2022-14:07:55 ] AsymetricRisk [ DEBUG ] 3084879616 - asymetric_risk.py - 2460: init_asymetric_risk - 
[ 04/12/2022-14:07:55 ] AsymetricRisk [ INFO ] 3084879616 - bp_general.py - 103: stdout_msg - 
    ___________________________________________________________________________

     *                          *  Asymetric Risk  *                         *
    ________________________________________________________v1.0AR15___________
                Excellent Regards, the Alveare Solutions #!/Society -x
    
[ 04/12/2022-14:07:55 ] AsymetricRisk [ DEBUG ] 3084879616 - asymetric_risk.py - 178: check_preconditions - 
[ 04/12/2022-14:07:55 ] AsymetricRisk [ INFO ] 3084879616 - bp_general.py - 88: stdout_msg - Verifying action preconditions...
[ 04/12/2022-14:07:55 ] AsymetricRisk [ DEBUG ] 3084879616 - asymetric_risk.py - 203: check_config_file - 
[ 04/12/2022-14:07:55 ] AsymetricRisk [ INFO ] 3084879616 - bp_general.py - 88: stdout_msg - Check config file...
[ 04/12/2022-14:07:55 ] AsymetricRisk [ DEBUG ] 3084879616 - bp_ensurance.py - 35: ensure_directories_exist - 
[ 04/12/2022-14:07:55 ] AsymetricRisk [ ERROR ] 3084879616 - bp_ensurance.py - 41: ensure_directories_exist - [Errno 17] File exists: '/home/sephermacronix/Projects/NomadsGold/src/AsymetricRisk/conf'
[ 04/12/2022-14:07:55 ] AsymetricRisk [ DEBUG ] 3084879616 - bp_checkers.py - 428: check_file_exists - 
[ 04/12/2022-14:07:55 ] AsymetricRisk [ INFO ] 3084879616 - bp_general.py - 80: stdout_msg - Config file!
[ 04/12/2022-14:07:55 ] AsymetricRisk [ DEBUG ] 3084879616 - asymetric_risk.py - 222: check_log_file - 
[ 04/12/2022-14:07:55 ] AsymetricRisk [ INFO ] 3084879616 - bp_general.py - 88: stdout_msg - Checking log file...
[ 04/12/2022-14:07:55 ] AsymetricRisk [ DEBUG ] 3084879616 - bp_ensurance.py - 35: ensure_directories_exist - 
[ 04/12/2022-14:07:55 ] AsymetricRisk [ ERROR ] 3084879616 - bp_ensurance.py - 41: ensure_directories_exist - [Errno 17] File exists: '/home/sephermacronix/Projects/NomadsGold/src/AsymetricRisk/log'
[ 04/12/2022-14:07:55 ] AsymetricRisk [ DEBUG ] 3084879616 - bp_checkers.py - 428: check_file_exists - 
[ 04/12/2022-14:07:55 ] AsymetricRisk [ INFO ] 3084879616 - bp_general.py - 80: stdout_msg - Log file!
[ 04/12/2022-14:07:55 ] AsymetricRisk [ DEBUG ] 3084879616 - asymetric_risk.py - 191: check_trading_bot - 
[ 04/12/2022-14:07:55 ] AsymetricRisk [ INFO ] 3084879616 - bp_general.py - 88: stdout_msg - Checking trading bot setup properly...
[ 04/12/2022-14:07:55 ] AsymetricRisk [ WARNING ] 3084879616 - bp_general.py - 84: stdout_msg - No trading bot found!
[ 04/12/2022-14:07:55 ] AsymetricRisk [ INFO ] 3084879616 - bp_general.py - 88: stdout_msg - Creating new trading bot...
[ 04/12/2022-14:07:55 ] AsymetricRisk [ DEBUG ] 3084879616 - asymetric_risk.py - 494: create_trading_bot - 
[ 04/12/2022-14:07:55 ] AsymetricRisk [ DEBUG ] 3084879616 - asymetric_risk.py - 495: create_trading_bot - Creating trading bot with kwargs: {'log-dir': '/home/sephermacronix/Projects/NomadsGold/src/AsymetricRisk/log', 'conf-dir': '/home/sephermacronix/Projects/NomadsGold/src/AsymetricRisk/conf', 'lib-dir': '/home/sephermacronix/Projects/NomadsGold/src/AsymetricRisk/lib', 'src-dir': '/home/sephermacronix/Projects/NomadsGold/src/AsymetricRisk/src', 'dox-dir': '/home/sephermacronix/Projects/NomadsGold/src/AsymetricRisk/dox', 'dta-dir': '/home/sephermacronix/Projects/NomadsGold/src/AsymetricRisk/data', 'tmp-dir': '/tmp', 'log-file': 'asymetric_risk.log', 'conf-file': 'asymetric_risk.conf.json', 'init-file': '/home/sephermacronix/Projects/NomadsGold/src/AsymetricRisk/asymetric_risk.py', 'watchdog-pid-file': 'ar-bot.pid', 'watchdog-anchor-file': 'ar-bot.anchor', 'log-format': '[ %(asctime)s ] %(name)s [ %(levelname)s ] %(thread)s - %(filename)s - %(lineno)d: %(funcName)s - %(message)s', 'timestamp-format': '%d/%m/%Y-%H:%M:%S', 'api-key': None, 'api-secret': None, 'taapi-key': None, 'api-url': 'https://testnet.binance.vision/api', 'taapi-url': 'https://api.taapi.io', 'max-trades': 3, 'trade-amount': 0, 'quote-trade-amount': 1, 'trading-account-type': 'SPOT', 'trading-order-type': 'OCO', 'profit-baby': 10, 'base-currency': 'BTC', 'quote-currency': 'USDT', 'ticker-symbol': 'BTC/USDT', 'order-time-in-force': 'GTC', 'order-response-type': 'JSON', 'order-recv-window': 60000, 'order-list-id': '', 'order-limit-id': '', 'order-stop-id': '', 'order-iceberg-quantity': 0, 'order-price': 0, 'period-start': '01-10-2022', 'period-end': '01-11-2022', 'indicator-update-delay': 18, 'risk-tolerance': 1, 'test': True, 'debug': True, 'silence': False, 'action': '', 'analyze-risk': True, 'strategy': 'vwap,rsi,macd,adx,ma,ema,price,volume', 'side': 'auto', 'interval': '5m', 'period': 14, 'market-open': '08:00', 'market-close': '22:00', 'backtrack': 1, 'backtracks': 10, 'stop-limit': 0, 'stop-price': 0, 'stop-limit-price': 0, 'stop-iceberg-quantity': 0, 'stop-limit-time-in-force': 'GTC', 'stop-loss': 10, 'take-profit': 30, 'trailing-stop': 10, 'price-movement': 5, 'rsi-top': 70, 'rsi-bottom': 30, 'rsi-period': 14, 'rsi-backtrack': 5, 'rsi-backtracks': 12, 'rsi-chart': 'candles', 'rsi-interval': '5m', 'volume-movement': 5, 'volume-interval': '5m', 'ma-period': 30, 'ma-backtrack': 5, 'ma-backtracks': 12, 'ma-chart': 'candles', 'ma-interval': '5m', 'ema-period': 30, 'ema-backtrack': 5, 'ema-backtracks': 12, 'ema-chart': 'candles', 'ema-interval': '5m', 'macd-backtrack': 5, 'macd-backtracks': 12, 'macd-chart': 'candles', 'macd-fast-period': 12, 'macd-slow-period': 26, 'macd-signal-period': 9, 'macd-interval': '5m', 'adx-period': 14, 'adx-backtrack': 5, 'adx-backtracks': 12, 'adx-chart': 'candles', 'adx-interval': '5m', 'vwap-period': 14, 'vwap-backtrack': 5, 'vwap-backtracks': 12, 'vwap-chart': 'candles', 'vwap-interval': '5m', 'price-period': 14, 'price-backtrack': 5, 'price-backtracks': 12, 'price-chart': 'candles', 'price-interval': '5m', 'report-id': '', 'report-id-length': 8, 'report-id-characters': 'abcdefghijklmnopqrstuvwxyz0123456789', 'report-location': './data/reports'}
[ 04/12/2022-14:07:55 ] AsymetricRisk [ DEBUG ] 3084879616 - ar_bot.py - 56: __init__ - 
[ 04/12/2022-14:07:55 ] AsymetricRisk [ DEBUG ] 3084879616 - ar_bot.py - 1057: setup_reporter - 
[ 04/12/2022-14:07:55 ] AsymetricRisk [ DEBUG ] 3084879616 - ar_reporter.py - 28: __init__ - 
[ 04/12/2022-14:07:55 ] AsymetricRisk [ DEBUG ] 3084879616 - bp_checkers.py - 428: check_file_exists - 
[ 04/12/2022-14:07:55 ] AsymetricRisk [ DEBUG ] 3084879616 - bp_generators.py - 15: generate_msg_id - 
[ 04/12/2022-14:07:55 ] AsymetricRisk [ DEBUG ] 3084879616 - ar_bot.py - 1052: setup_analyzer - 
[ 04/12/2022-14:07:55 ] AsymetricRisk [ DEBUG ] 3084879616 - ar_strategy.py - 21: __init__ - 
[ 04/12/2022-14:07:55 ] AsymetricRisk [ DEBUG ] 3084879616 - asymetric_risk.py - 185: check_preconditions - checkers: {'preconditions-conf': True, 'preconditions-log': True, 'trading-bot': <src.ar_bot.TradingBot object at 0xb0ac8a18>}
[ 04/12/2022-14:07:55 ] AsymetricRisk [ DEBUG ] 3084879616 - asymetric_risk.py - 456: handle_actions - 
[ 04/12/2022-14:07:55 ] AsymetricRisk [ DEBUG ] 3084879616 - asymetric_risk.py - 156: fetch_action_handlers - 
[ 04/12/2022-14:07:55 ] AsymetricRisk [ INFO ] 3084879616 - bp_general.py - 88: stdout_msg - Processing action... ()
[ 04/12/2022-14:07:55 ] AsymetricRisk [ WARNING ] 3084879616 - bp_general.py - 84: stdout_msg - Invalid action label specified! ()
[ 04/12/2022-14:07:55 ] AsymetricRisk [ DEBUG ] 3084879616 - asymetric_risk.py - 2316: cleanup - 
[ 04/12/2022-14:07:55 ] AsymetricRisk [ INFO ] 3084879616 - bp_general.py - 88: stdout_msg - Cleaning up... Jordan Peterson recommendation
[ 04/12/2022-14:07:55 ] AsymetricRisk [ DEBUG ] 3084879616 - asymetric_risk.py - 2362: cleanup_watchdog_anchor_file - 
[ 04/12/2022-14:07:55 ] AsymetricRisk [ INFO ] 3084879616 - bp_general.py - 80: stdout_msg - Cleaning up watchdog-anchor-file
[ 04/12/2022-14:07:55 ] AsymetricRisk [ DEBUG ] 3084879616 - asymetric_risk.py - 2347: cleanup_watchdog_pid_file - 
[ 04/12/2022-14:07:55 ] AsymetricRisk [ INFO ] 3084879616 - bp_general.py - 80: stdout_msg - Cleaning up watchdog-pid-file
[ 04/12/2022-14:07:55 ] AsymetricRisk [ INFO ] 3084879616 - bp_general.py - 99: stdout_msg - Terminating! (1)

